This file contains any messages produced by compilers while
running configure, to aid debugging if configure makes a mistake.

It was created by jbig2dec configure 0.10, which was
generated by GNU Autoconf 2.69.  Invocation command line was

  $ ./configure 

## --------- ##
## Platform. ##
## --------- ##

hostname = munch
uname -m = x86_64
uname -r = 3.16.0-4-amd64
uname -s = Linux
uname -v = #1 SMP Debian 3.16.7-ckt11-1+deb8u3 (2015-08-04)

/usr/bin/uname -p = unknown
/bin/uname -X     = unknown

/bin/arch              = unknown
/usr/bin/arch -k       = unknown
/usr/convex/getsysinfo = unknown
/usr/bin/hostinfo      = unknown
/bin/machine           = unknown
/usr/bin/oslevel       = unknown
/bin/universe          = unknown

PATH: /usr/bin
PATH: /usr/cuda-6.0/bin/
PATH: /usr/local/bin
PATH: /usr/bin
PATH: /bin
PATH: /usr/local/games
PATH: /usr/games
PATH: /home/peter/Tools/bin


## ----------- ##
## Core tests. ##
## ----------- ##

configure:2428: checking for a BSD-compatible install
configure:2496: result: /usr/bin/install -c
configure:2507: checking whether build environment is sane
configure:2544: result: yes
configure:2569: checking for a thread-safe mkdir -p
configure:2608: result: /bin/mkdir -p
configure:2621: checking for gawk
configure:2637: found /usr/bin/gawk
configure:2648: result: gawk
configure:2659: checking whether make sets $(MAKE)
configure:2681: result: yes
configure:2915: checking for gcc
configure:2931: found /usr/bin/gcc
configure:2942: result: gcc
configure:3171: checking for C compiler version
configure:3180: gcc --version >&5
gcc (Debian 4.9.2-10) 4.9.2
Copyright (C) 2014 Free Software Foundation, Inc.
This is free software; see the source for copying conditions.  There is NO
warranty; not even for MERCHANTABILITY or FITNESS FOR A PARTICULAR PURPOSE.

configure:3191: $? = 0
configure:3180: gcc -v >&5
Using built-in specs.
COLLECT_GCC=gcc
COLLECT_LTO_WRAPPER=/usr/lib/gcc/x86_64-linux-gnu/4.9/lto-wrapper
Target: x86_64-linux-gnu
Configured with: ../src/configure -v --with-pkgversion='Debian 4.9.2-10' --with-bugurl=file:///usr/share/doc/gcc-4.9/README.Bugs --enable-languages=c,c++,java,go,d,fortran,objc,obj-c++ --prefix=/usr --program-suffix=-4.9 --enable-shared --enable-linker-build-id --libexecdir=/usr/lib --without-included-gettext --enable-threads=posix --with-gxx-include-dir=/usr/include/c++/4.9 --libdir=/usr/lib --enable-nls --with-sysroot=/ --enable-clocale=gnu --enable-libstdcxx-debug --enable-libstdcxx-time=yes --enable-gnu-unique-object --disable-vtable-verify --enable-plugin --with-system-zlib --disable-browser-plugin --enable-java-awt=gtk --enable-gtk-cairo --with-java-home=/usr/lib/jvm/java-1.5.0-gcj-4.9-amd64/jre --enable-java-home --with-jvm-root-dir=/usr/lib/jvm/java-1.5.0-gcj-4.9-amd64 --with-jvm-jar-dir=/usr/lib/jvm-exports/java-1.5.0-gcj-4.9-amd64 --with-arch-directory=amd64 --with-ecj-jar=/usr/share/java/eclipse-ecj.jar --enable-objc-gc --enable-multiarch --with-arch-32=i586 --with-abi=m64 --with-multilib-list=m32,m64,mx32 --enable-multilib --with-tune=generic --enable-checking=release --build=x86_64-linux-gnu --host=x86_64-linux-gnu --target=x86_64-linux-gnu
Thread model: posix
gcc version 4.9.2 (Debian 4.9.2-10) 
configure:3191: $? = 0
configure:3180: gcc -V >&5
gcc: error: unrecognized command line option '-V'
gcc: fatal error: no input files
compilation terminated.
configure:3191: $? = 4
configure:3180: gcc -qversion >&5
gcc: error: unrecognized command line option '-qversion'
gcc: fatal error: no input files
compilation terminated.
configure:3191: $? = 4
configure:3211: checking whether the C compiler works
configure:3233: gcc    conftest.c  >&5
configure:3237: $? = 0
configure:3285: result: yes
configure:3288: checking for C compiler default output file name
configure:3290: result: a.out
configure:3296: checking for suffix of executables
configure:3303: gcc -o conftest    conftest.c  >&5
configure:3307: $? = 0
configure:3329: result: 
configure:3351: checking whether we are cross compiling
configure:3359: gcc -o conftest    conftest.c  >&5
configure:3363: $? = 0
configure:3370: ./conftest
configure:3374: $? = 0
configure:3389: result: no
configure:3394: checking for suffix of object files
configure:3416: gcc -c   conftest.c >&5
configure:3420: $? = 0
configure:3441: result: o
configure:3445: checking whether we are using the GNU C compiler
configure:3464: gcc -c   conftest.c >&5
configure:3464: $? = 0
configure:3473: result: yes
configure:3482: checking whether gcc accepts -g
configure:3502: gcc -c -g  conftest.c >&5
configure:3502: $? = 0
configure:3543: result: yes
configure:3560: checking for gcc option to accept ISO C89
configure:3623: gcc  -c -g -O2  conftest.c >&5
configure:3623: $? = 0
configure:3636: result: none needed
configure:3667: checking for style of include used by make
configure:3695: result: GNU
configure:3720: checking dependency style of gcc
configure:3811: result: gcc3
configure:3827: checking whether gcc and cc understand -c and -o together
configure:3858: gcc -c conftest.c -o conftest2.o >&5
configure:3862: $? = 0
configure:3868: gcc -c conftest.c -o conftest2.o >&5
configure:3872: $? = 0
configure:3883: cc -c conftest.c >&5
configure:3887: $? = 0
configure:3895: cc -c conftest.c -o conftest2.o >&5
configure:3899: $? = 0
configure:3905: cc -c conftest.c -o conftest2.o >&5
configure:3909: $? = 0
configure:3927: result: yes
configure:3995: checking for ranlib
configure:4011: found /usr/bin/ranlib
configure:4022: result: ranlib
configure:4068: checking for library containing pow
configure:4099: gcc -o conftest -g -O2 -Wall   conftest.c  >&5
conftest.c:18:6: warning: conflicting types for built-in function 'pow'
 char pow ();
      ^
/tmp/ccdUkTK0.o: In function `main':
/home/peter/ExternalCode/mainberger/coders_src/jbig2/jbig2dec-0.10/conftest.c:22: undefined reference to `pow'
collect2: error: ld returned 1 exit status
configure:4099: $? = 1
configure: failed program was:
| /* confdefs.h */
| #define PACKAGE_NAME "jbig2dec"
| #define PACKAGE_TARNAME "jbig2dec"
| #define PACKAGE_VERSION "0.10"
| #define PACKAGE_STRING "jbig2dec 0.10"
| #define PACKAGE_BUGREPORT "jbig2-dev@ghostscript.com"
| #define PACKAGE_URL ""
| #define PACKAGE "jbig2dec"
| #define VERSION "0.10"
| /* end confdefs.h.  */
| 
| /* Override any GCC internal prototype to avoid an error.
|    Use char because int might match the return type of a GCC
|    builtin and then its argument prototype would still apply.  */
| #ifdef __cplusplus
| extern "C"
| #endif
| char pow ();
| int
| main ()
| {
| return pow ();
|   ;
|   return 0;
| }
configure:4099: gcc -o conftest -g -O2 -Wall   conftest.c -lm   >&5
conftest.c:18:6: warning: conflicting types for built-in function 'pow'
 char pow ();
      ^
configure:4099: $? = 0
configure:4116: result: -lm
configure:4124: checking for png_check_sig in -lpng
configure:4149: gcc -o conftest -g -O2 -Wall   conftest.c -lpng  -lm  >&5
configure:4149: $? = 0
configure:4158: result: yes
configure:4162: checking for deflate in -lz
configure:4187: gcc -o conftest -g -O2 -Wall   conftest.c -lz  -lm  >&5
configure:4187: $? = 0
configure:4196: result: yes
configure:4229: checking how to run the C preprocessor
configure:4260: gcc -E  conftest.c
configure:4260: $? = 0
configure:4274: gcc -E  conftest.c
conftest.c:12:28: fatal error: ac_nonexistent.h: No such file or directory
 #include <ac_nonexistent.h>
                            ^
compilation terminated.
configure:4274: $? = 1
configure: failed program was:
| /* confdefs.h */
| #define PACKAGE_NAME "jbig2dec"
| #define PACKAGE_TARNAME "jbig2dec"
| #define PACKAGE_VERSION "0.10"
| #define PACKAGE_STRING "jbig2dec 0.10"
| #define PACKAGE_BUGREPORT "jbig2-dev@ghostscript.com"
| #define PACKAGE_URL ""
| #define PACKAGE "jbig2dec"
| #define VERSION "0.10"
| #define HAVE_LIBPNG 1
| /* end confdefs.h.  */
| #include <ac_nonexistent.h>
configure:4299: result: gcc -E
configure:4319: gcc -E  conftest.c
configure:4319: $? = 0
configure:4333: gcc -E  conftest.c
conftest.c:12:28: fatal error: ac_nonexistent.h: No such file or directory
 #include <ac_nonexistent.h>
                            ^
compilation terminated.
configure:4333: $? = 1
configure: failed program was:
| /* confdefs.h */
| #define PACKAGE_NAME "jbig2dec"
| #define PACKAGE_TARNAME "jbig2dec"
| #define PACKAGE_VERSION "0.10"
| #define PACKAGE_STRING "jbig2dec 0.10"
| #define PACKAGE_BUGREPORT "jbig2-dev@ghostscript.com"
| #define PACKAGE_URL ""
| #define PACKAGE "jbig2dec"
| #define VERSION "0.10"
| #define HAVE_LIBPNG 1
| /* end confdefs.h.  */
| #include <ac_nonexistent.h>
configure:4362: checking for grep that handles long lines and -e
configure:4420: result: /bin/grep
configure:4425: checking for egrep
configure:4487: result: /bin/grep -E
configure:4492: checking for ANSI C header files
configure:4512: gcc -c -g -O2 -Wall  conftest.c >&5
configure:4512: $? = 0
configure:4585: gcc -o conftest -g -O2 -Wall   conftest.c -lpng -lz -lm  >&5
configure:4585: $? = 0
configure:4585: ./conftest
configure:4585: $? = 0
configure:4596: result: yes
configure:4609: checking for sys/types.h
configure:4609: gcc -c -g -O2 -Wall  conftest.c >&5
configure:4609: $? = 0
configure:4609: result: yes
configure:4609: checking for sys/stat.h
configure:4609: gcc -c -g -O2 -Wall  conftest.c >&5
configure:4609: $? = 0
configure:4609: result: yes
configure:4609: checking for stdlib.h
configure:4609: gcc -c -g -O2 -Wall  conftest.c >&5
configure:4609: $? = 0
configure:4609: result: yes
configure:4609: checking for string.h
configure:4609: gcc -c -g -O2 -Wall  conftest.c >&5
configure:4609: $? = 0
configure:4609: result: yes
configure:4609: checking for memory.h
configure:4609: gcc -c -g -O2 -Wall  conftest.c >&5
configure:4609: $? = 0
configure:4609: result: yes
configure:4609: checking for strings.h
configure:4609: gcc -c -g -O2 -Wall  conftest.c >&5
configure:4609: $? = 0
configure:4609: result: yes
configure:4609: checking for inttypes.h
configure:4609: gcc -c -g -O2 -Wall  conftest.c >&5
configure:4609: $? = 0
configure:4609: result: yes
configure:4609: checking for stdint.h
configure:4609: gcc -c -g -O2 -Wall  conftest.c >&5
configure:4609: $? = 0
configure:4609: result: yes
configure:4609: checking for unistd.h
configure:4609: gcc -c -g -O2 -Wall  conftest.c >&5
configure:4609: $? = 0
configure:4609: result: yes
configure:4624: checking libintl.h usability
configure:4624: gcc -c -g -O2 -Wall  conftest.c >&5
configure:4624: $? = 0
configure:4624: result: yes
configure:4624: checking libintl.h presence
configure:4624: gcc -E  conftest.c
configure:4624: $? = 0
configure:4624: result: yes
configure:4624: checking for libintl.h
configure:4624: result: yes
configure:4624: checking stddef.h usability
configure:4624: gcc -c -g -O2 -Wall  conftest.c >&5
configure:4624: $? = 0
configure:4624: result: yes
configure:4624: checking stddef.h presence
configure:4624: gcc -E  conftest.c
configure:4624: $? = 0
configure:4624: result: yes
configure:4624: checking for stddef.h
configure:4624: result: yes
configure:4624: checking for unistd.h
configure:4624: result: yes
configure:4624: checking for strings.h
configure:4624: result: yes
configure:4642: checking size of char
configure:4647: gcc -o conftest -g -O2 -Wall   conftest.c -lpng -lz -lm  >&5
configure:4647: $? = 0
configure:4647: ./conftest
configure:4647: $? = 0
configure:4661: result: 1
configure:4675: checking size of short
configure:4680: gcc -o conftest -g -O2 -Wall   conftest.c -lpng -lz -lm  >&5
configure:4680: $? = 0
configure:4680: ./conftest
configure:4680: $? = 0
configure:4694: result: 2
configure:4708: checking size of int
configure:4713: gcc -o conftest -g -O2 -Wall   conftest.c -lpng -lz -lm  >&5
configure:4713: $? = 0
configure:4713: ./conftest
configure:4713: $? = 0
configure:4727: result: 4
configure:4741: checking size of long
configure:4746: gcc -o conftest -g -O2 -Wall   conftest.c -lpng -lz -lm  >&5
configure:4746: $? = 0
configure:4746: ./conftest
configure:4746: $? = 0
configure:4760: result: 8
configure:4786: checking for stdint.h
configure:4786: result: yes
configure:4845: checking for an ANSI C-conforming const
configure:4911: gcc -c -g -O2 -Wall  conftest.c >&5
configure:4911: $? = 0
configure:4918: result: yes
configure:4926: checking for size_t
configure:4926: gcc -c -g -O2 -Wall  conftest.c >&5
configure:4926: $? = 0
configure:4926: gcc -c -g -O2 -Wall  conftest.c >&5
conftest.c: In function 'main':
conftest.c:66:21: error: expected expression before ')' token
 if (sizeof ((size_t)))
                     ^
configure:4926: $? = 1
configure: failed program was:
| /* confdefs.h */
| #define PACKAGE_NAME "jbig2dec"
| #define PACKAGE_TARNAME "jbig2dec"
| #define PACKAGE_VERSION "0.10"
| #define PACKAGE_STRING "jbig2dec 0.10"
| #define PACKAGE_BUGREPORT "jbig2-dev@ghostscript.com"
| #define PACKAGE_URL ""
| #define PACKAGE "jbig2dec"
| #define VERSION "0.10"
| #define HAVE_LIBPNG 1
| #define STDC_HEADERS 1
| #define HAVE_SYS_TYPES_H 1
| #define HAVE_SYS_STAT_H 1
| #define HAVE_STDLIB_H 1
| #define HAVE_STRING_H 1
| #define HAVE_MEMORY_H 1
| #define HAVE_STRINGS_H 1
| #define HAVE_INTTYPES_H 1
| #define HAVE_STDINT_H 1
| #define HAVE_UNISTD_H 1
| #define HAVE_LIBINTL_H 1
| #define HAVE_STDDEF_H 1
| #define HAVE_UNISTD_H 1
| #define HAVE_STRINGS_H 1
| #define SIZEOF_CHAR 1
| #define SIZEOF_SHORT 2
| #define SIZEOF_INT 4
| #define SIZEOF_LONG 8
| /* end confdefs.h.  */
| #include <stdio.h>
| #ifdef HAVE_SYS_TYPES_H
| # include <sys/types.h>
| #endif
| #ifdef HAVE_SYS_STAT_H
| # include <sys/stat.h>
| #endif
| #ifdef STDC_HEADERS
| # include <stdlib.h>
| # include <stddef.h>
| #else
| # ifdef HAVE_STDLIB_H
| #  include <stdlib.h>
| # endif
| #endif
| #ifdef HAVE_STRING_H
| # if !defined STDC_HEADERS && defined HAVE_MEMORY_H
| #  include <memory.h>
| # endif
| # include <string.h>
| #endif
| #ifdef HAVE_STRINGS_H
| # include <strings.h>
| #endif
| #ifdef HAVE_INTTYPES_H
| # include <inttypes.h>
| #endif
| #ifdef HAVE_STDINT_H
| # include <stdint.h>
| #endif
| #ifdef HAVE_UNISTD_H
| # include <unistd.h>
| #endif
| int
| main ()
| {
| if (sizeof ((size_t)))
| 	    return 0;
|   ;
|   return 0;
| }
configure:4926: result: yes
configure:4937: checking whether byte ordering is bigendian
configure:4952: gcc -c -g -O2 -Wall  conftest.c >&5
conftest.c:31:9: error: unknown type name 'not'
         not a universal capable compiler
         ^
conftest.c:31:15: error: expected '=', ',', ';', 'asm' or '__attribute__' before 'universal'
         not a universal capable compiler
               ^
conftest.c:31:15: error: unknown type name 'universal'
configure:4952: $? = 1
configure: failed program was:
| /* confdefs.h */
| #define PACKAGE_NAME "jbig2dec"
| #define PACKAGE_TARNAME "jbig2dec"
| #define PACKAGE_VERSION "0.10"
| #define PACKAGE_STRING "jbig2dec 0.10"
| #define PACKAGE_BUGREPORT "jbig2-dev@ghostscript.com"
| #define PACKAGE_URL ""
| #define PACKAGE "jbig2dec"
| #define VERSION "0.10"
| #define HAVE_LIBPNG 1
| #define STDC_HEADERS 1
| #define HAVE_SYS_TYPES_H 1
| #define HAVE_SYS_STAT_H 1
| #define HAVE_STDLIB_H 1
| #define HAVE_STRING_H 1
| #define HAVE_MEMORY_H 1
| #define HAVE_STRINGS_H 1
| #define HAVE_INTTYPES_H 1
| #define HAVE_STDINT_H 1
| #define HAVE_UNISTD_H 1
| #define HAVE_LIBINTL_H 1
| #define HAVE_STDDEF_H 1
| #define HAVE_UNISTD_H 1
| #define HAVE_STRINGS_H 1
| #define SIZEOF_CHAR 1
| #define SIZEOF_SHORT 2
| #define SIZEOF_INT 4
| #define SIZEOF_LONG 8
| /* end confdefs.h.  */
| #ifndef __APPLE_CC__
| 	       not a universal capable compiler
| 	     #endif
| 	     typedef int dummy;
| 
configure:4997: gcc -c -g -O2 -Wall  conftest.c >&5
configure:4997: $? = 0
configure:5015: gcc -c -g -O2 -Wall  conftest.c >&5
conftest.c: In function 'main':
conftest.c:37:4: error: unknown type name 'not'
    not big endian
    ^
conftest.c:37:12: error: expected '=', ',', ';', 'asm' or '__attribute__' before 'endian'
    not big endian
            ^
configure:5015: $? = 1
configure: failed program was:
| /* confdefs.h */
| #define PACKAGE_NAME "jbig2dec"
| #define PACKAGE_TARNAME "jbig2dec"
| #define PACKAGE_VERSION "0.10"
| #define PACKAGE_STRING "jbig2dec 0.10"
| #define PACKAGE_BUGREPORT "jbig2-dev@ghostscript.com"
| #define PACKAGE_URL ""
| #define PACKAGE "jbig2dec"
| #define VERSION "0.10"
| #define HAVE_LIBPNG 1
| #define STDC_HEADERS 1
| #define HAVE_SYS_TYPES_H 1
| #define HAVE_SYS_STAT_H 1
| #define HAVE_STDLIB_H 1
| #define HAVE_STRING_H 1
| #define HAVE_MEMORY_H 1
| #define HAVE_STRINGS_H 1
| #define HAVE_INTTYPES_H 1
| #define HAVE_STDINT_H 1
| #define HAVE_UNISTD_H 1
| #define HAVE_LIBINTL_H 1
| #define HAVE_STDDEF_H 1
| #define HAVE_UNISTD_H 1
| #define HAVE_STRINGS_H 1
| #define SIZEOF_CHAR 1
| #define SIZEOF_SHORT 2
| #define SIZEOF_INT 4
| #define SIZEOF_LONG 8
| /* end confdefs.h.  */
| #include <sys/types.h>
| 		#include <sys/param.h>
| 
| int
| main ()
| {
| #if BYTE_ORDER != BIG_ENDIAN
| 		 not big endian
| 		#endif
| 
|   ;
|   return 0;
| }
configure:5143: result: no
configure:5163: checking for working memcmp
configure:5206: gcc -o conftest -g -O2 -Wall   conftest.c -lpng -lz -lm  >&5
configure:5206: $? = 0
configure:5206: ./conftest
configure:5206: $? = 0
configure:5216: result: yes
configure:5225: checking for snprintf
configure:5225: gcc -o conftest -g -O2 -Wall   conftest.c -lpng -lz -lm  >&5
conftest.c:53:6: warning: conflicting types for built-in function 'snprintf'
 char snprintf ();
      ^
configure:5225: $? = 0
configure:5225: result: yes
configure:5243: checking for memset
configure:5243: gcc -o conftest -g -O2 -Wall   conftest.c -lpng -lz -lm  >&5
conftest.c:54:6: warning: conflicting types for built-in function 'memset'
 char memset ();
      ^
configure:5243: $? = 0
configure:5243: result: yes
configure:5243: checking for strdup
configure:5243: gcc -o conftest -g -O2 -Wall   conftest.c -lpng -lz -lm  >&5
conftest.c:55:6: warning: conflicting types for built-in function 'strdup'
 char strdup ();
      ^
configure:5243: $? = 0
configure:5243: result: yes
configure:5253: checking for getopt_long
configure:5253: gcc -o conftest -g -O2 -Wall   conftest.c -lpng -lz -lm  >&5
configure:5253: $? = 0
configure:5253: result: yes
configure:5402: creating ./config.status

## ---------------------- ##
## Running config.status. ##
## ---------------------- ##

This file was extended by jbig2dec config.status 0.10, which was
generated by GNU Autoconf 2.69.  Invocation command line was

  CONFIG_FILES    = 
  CONFIG_HEADERS  = 
  CONFIG_LINKS    = 
  CONFIG_COMMANDS = 
  $ ./config.status 

on munch

config.status:864: creating Makefile
config.status:864: creating config_types.h
config.status:864: creating config.h
config.status:1045: config.h is unchanged
config.status:1093: executing depfiles commands

## ---------------- ##
## Cache variables. ##
## ---------------- ##

ac_cv_c_bigendian=no
ac_cv_c_compiler_gnu=yes
ac_cv_c_const=yes
ac_cv_env_CC_set=
ac_cv_env_CC_value=
ac_cv_env_CFLAGS_set=
ac_cv_env_CFLAGS_value=
ac_cv_env_CPPFLAGS_set=
ac_cv_env_CPPFLAGS_value=
ac_cv_env_CPP_set=
ac_cv_env_CPP_value=
ac_cv_env_LDFLAGS_set=
ac_cv_env_LDFLAGS_value=
ac_cv_env_LIBS_set=
ac_cv_env_LIBS_value=
ac_cv_env_build_alias_set=
ac_cv_env_build_alias_value=
ac_cv_env_host_alias_set=
ac_cv_env_host_alias_value=
ac_cv_env_target_alias_set=
ac_cv_env_target_alias_value=
ac_cv_func_getopt_long=yes
ac_cv_func_memcmp_working=yes
ac_cv_func_memset=yes
ac_cv_func_snprintf=yes
ac_cv_func_strdup=yes
ac_cv_header_inttypes_h=yes
ac_cv_header_libintl_h=yes
ac_cv_header_memory_h=yes
ac_cv_header_stdc=yes
ac_cv_header_stddef_h=yes
ac_cv_header_stdint_h=yes
ac_cv_header_stdlib_h=yes
ac_cv_header_string_h=yes
ac_cv_header_strings_h=yes
ac_cv_header_sys_stat_h=yes
ac_cv_header_sys_types_h=yes
ac_cv_header_unistd_h=yes
ac_cv_lib_png_png_check_sig=yes
ac_cv_lib_z_deflate=yes
ac_cv_objext=o
ac_cv_path_EGREP='/bin/grep -E'
ac_cv_path_GREP=/bin/grep
ac_cv_path_install='/usr/bin/install -c'
ac_cv_path_mkdir=/bin/mkdir
ac_cv_prog_AWK=gawk
ac_cv_prog_CPP='gcc -E'
ac_cv_prog_ac_ct_CC=gcc
ac_cv_prog_ac_ct_RANLIB=ranlib
ac_cv_prog_cc_c89=
ac_cv_prog_cc_g=yes
ac_cv_prog_cc_gcc_c_o=yes
ac_cv_prog_make_make_set=yes
ac_cv_search_pow=-lm
ac_cv_sizeof_char=1
ac_cv_sizeof_int=4
ac_cv_sizeof_long=8
ac_cv_sizeof_short=2
ac_cv_type_size_t=yes
ac_cv_want_libpng=yes
am_cv_CC_dependencies_compiler_type=gcc3

## ----------------- ##
## Output variables. ##
## ----------------- ##

ACLOCAL='${SHELL} /home/peter/ExternalCode/mainberger/coders_src/jbig2/jbig2dec-0.10/missing --run aclocal-1.10'
AMDEPBACKSLASH='\'
AMDEP_FALSE='#'
AMDEP_TRUE=''
AMTAR='${SHELL} /home/peter/ExternalCode/mainberger/coders_src/jbig2/jbig2dec-0.10/missing --run tar'
AUTOCONF='${SHELL} /home/peter/ExternalCode/mainberger/coders_src/jbig2/jbig2dec-0.10/missing --run autoconf'
AUTOHEADER='${SHELL} /home/peter/ExternalCode/mainberger/coders_src/jbig2/jbig2dec-0.10/missing --run autoheader'
AUTOMAKE='${SHELL} /home/peter/ExternalCode/mainberger/coders_src/jbig2/jbig2dec-0.10/missing --run automake-1.10'
AWK='gawk'
CC='gcc'
CCDEPMODE='depmode=gcc3'
CFLAGS='-g -O2 -Wall'
CPP='gcc -E'
CPPFLAGS=''
CYGPATH_W='echo'
DEFS='-DHAVE_CONFIG_H'
DEPDIR='.deps'
ECHO_C=''
ECHO_N='-n'
ECHO_T=''
EGREP='/bin/grep -E'
EXEEXT=''
GREP='/bin/grep'
INSTALL_DATA='${INSTALL} -m 644'
INSTALL_PROGRAM='${INSTALL}'
INSTALL_SCRIPT='${INSTALL}'
INSTALL_STRIP_PROGRAM='$(install_sh) -c -s'
JBIG2_INT16_T='short'
JBIG2_INT32_T='int'
JBIG2_INT8_T='char'
JBIG2_STDINT_H='no_replacement_found'
LDFLAGS=''
LIBOBJS=' ${LIBOBJDIR}jbig2_image_png$U.o'
LIBS='-lpng -lz -lm '
LTLIBOBJS=' ${LIBOBJDIR}jbig2_image_png$U.lo'
MAKEINFO='${SHELL} /home/peter/ExternalCode/mainberger/coders_src/jbig2/jbig2dec-0.10/missing --run makeinfo'
MKDIR_P='/bin/mkdir -p'
OBJEXT='o'
PACKAGE='jbig2dec'
PACKAGE_BUGREPORT='jbig2-dev@ghostscript.com'
PACKAGE_NAME='jbig2dec'
PACKAGE_STRING='jbig2dec 0.10'
PACKAGE_TARNAME='jbig2dec'
PACKAGE_URL=''
PACKAGE_VERSION='0.10'
PATH_SEPARATOR=':'
RANLIB='ranlib'
SET_MAKE=''
SHELL='/bin/bash'
STRIP=''
VERSION='0.10'
ac_ct_CC='gcc'
am__fastdepCC_FALSE='#'
am__fastdepCC_TRUE=''
am__include='include'
am__isrc=''
am__leading_dot='.'
am__quote=''
am__tar='${AMTAR} chof - "$$tardir"'
am__untar='${AMTAR} xf -'
bindir='${exec_prefix}/bin'
build_alias=''
datadir='${datarootdir}'
datarootdir='${prefix}/share'
docdir='${datarootdir}/doc/${PACKAGE_TARNAME}'
dvidir='${docdir}'
exec_prefix='${prefix}'
host_alias=''
htmldir='${docdir}'
includedir='${prefix}/include'
infodir='${datarootdir}/info'
install_sh='$(SHELL) /home/peter/ExternalCode/mainberger/coders_src/jbig2/jbig2dec-0.10/install-sh'
libdir='${exec_prefix}/lib'
libexecdir='${exec_prefix}/libexec'
localedir='${datarootdir}/locale'
localstatedir='${prefix}/var'
mandir='${datarootdir}/man'
mkdir_p='/bin/mkdir -p'
oldincludedir='/usr/include'
pdfdir='${docdir}'
prefix='/usr/local'
program_transform_name='s,x,x,'
psdir='${docdir}'
sbindir='${exec_prefix}/sbin'
sharedstatedir='${prefix}/com'
sysconfdir='${prefix}/etc'
target_alias=''

## ----------- ##
## confdefs.h. ##
## ----------- ##

/* confdefs.h */
#define PACKAGE_NAME "jbig2dec"
#define PACKAGE_TARNAME "jbig2dec"
#define PACKAGE_VERSION "0.10"
#define PACKAGE_STRING "jbig2dec 0.10"
#define PACKAGE_BUGREPORT "jbig2-dev@ghostscript.com"
#define PACKAGE_URL ""
#define PACKAGE "jbig2dec"
#define VERSION "0.10"
#define HAVE_LIBPNG 1
#define STDC_HEADERS 1
#define HAVE_SYS_TYPES_H 1
#define HAVE_SYS_STAT_H 1
#define HAVE_STDLIB_H 1
#define HAVE_STRING_H 1
#define HAVE_MEMORY_H 1
#define HAVE_STRINGS_H 1
#define HAVE_INTTYPES_H 1
#define HAVE_STDINT_H 1
#define HAVE_UNISTD_H 1
#define HAVE_LIBINTL_H 1
#define HAVE_STDDEF_H 1
#define HAVE_UNISTD_H 1
#define HAVE_STRINGS_H 1
#define SIZEOF_CHAR 1
#define SIZEOF_SHORT 2
#define SIZEOF_INT 4
#define SIZEOF_LONG 8
#define HAVE_SNPRINTF 1
#define HAVE_MEMSET 1
#define HAVE_STRDUP 1
#define HAVE_GETOPT_LONG /**/

configure: exit 0
